Using pre-set license
Built from '2021.1/staging' branch; Version is '2021.1.7f1 (d91830b65d9b) revision 14227504'; Using compiler version '192528614'; Build Type 'Release'
OS: 'Windows 10 Pro; OS build 22621.963; Version 2009; 64bit' Language: 'ko' Physical Memory: 16121 MB
BatchMode: 1, IsHumanControllingUs: 0, StartBugReporterOnCrash: 0, Is64bit: 1, IsPro: 0

 COMMAND LINE ARGUMENTS:
C:\Program Files\Unity\Hub\Editor\2021.1.7f1\Editor\Unity.exe
-adb2
-batchMode
-noUpm
-name
AssetImportWorker0
-projectPath
D:/UnityClass/2d-techdemos-master
-logFile
Logs/AssetImportWorker0.log
-srvPort
64136
Successfully changed project path to: D:/UnityClass/2d-techdemos-master
D:/UnityClass/2d-techdemos-master
Using Asset Import Pipeline V2.
Refreshing native plugins compatible for Editor in 22.64 ms, found 0 plugins.
Preloading 0 native plugins for Editor in 0.00 ms.
Initialize engine version: 2021.1.7f1 (d91830b65d9b)
[Subsystems] Discovering subsystems at path C:/Program Files/Unity/Hub/Editor/2021.1.7f1/Editor/Data/Resources/UnitySubsystems
[Subsystems] Discovering subsystems at path D:/UnityClass/2d-techdemos-master/Assets
GfxDevice: creating device client; threaded=0; jobified=0
Direct3D:
    Version:  Direct3D 11.0 [level 11.1]
    Renderer: NVIDIA GeForce RTX 3050 Ti Laptop GPU (ID=0x25a0)
    Vendor:   NVIDIA
    VRAM:     3990 MB
    Driver:   27.21.14.6235
Initialize mono
Mono path[0] = 'C:/Program Files/Unity/Hub/Editor/2021.1.7f1/Editor/Data/Managed'
Mono path[1] = 'C:/Program Files/Unity/Hub/Editor/2021.1.7f1/Editor/Data/MonoBleedingEdge/lib/mono/unityjit'
Mono config path = 'C:/Program Files/Unity/Hub/Editor/2021.1.7f1/Editor/Data/MonoBleedingEdge/etc'
Using monoOptions --debugger-agent=transport=dt_socket,embedding=1,server=y,suspend=n,address=127.0.0.1:56288
Begin MonoManager ReloadAssembly
Registering precompiled unity dll's ...
Register platform support module: C:/Program Files/Unity/Hub/Editor/2021.1.7f1/Editor/Data/PlaybackEngines/WindowsStandaloneSupport/UnityEditor.WindowsStandalone.Extensions.dll
Registered in 0.002909 seconds.
Native extension for WindowsStandalone target not found
Refreshing native plugins compatible for Editor in 34.65 ms, found 0 plugins.
Preloading 0 native plugins for Editor in 0.00 ms.
Mono: successfully reloaded assembly
- Completed reload, in  2.792 seconds
Platform modules already initialized, skipping
Registering precompiled user dll's ...
Registered in 0.000591 seconds.
Begin MonoManager ReloadAssembly
Native extension for WindowsStandalone target not found
Refreshing native plugins compatible for Editor in 0.26 ms, found 0 plugins.
Preloading 0 native plugins for Editor in 0.00 ms.
Mono: successfully reloaded assembly
- Completed reload, in  0.897 seconds
Platform modules already initialized, skipping
========================================================================
Worker process is ready to serve import requests
Launched and connected shader compiler UnityShaderCompiler.exe after 0.09 seconds
Refreshing native plugins compatible for Editor in 0.27 ms, found 0 plugins.
Preloading 0 native plugins for Editor in 0.00 ms.
Unloading 1268 Unused Serialized files (Serialized files now loaded: 0)
System memory in use before: 63.6 MB.
System memory in use after: 63.7 MB.

Unloading 13 unused Assets to reduce memory usage. Loaded Objects now: 1730.
Total: 1.811200 ms (FindLiveObjects: 0.079000 ms CreateObjectMapping: 0.022300 ms MarkObjects: 1.654600 ms  DeleteObjects: 0.054600 ms)

========================================================================
Received Import Request.
  path: Assets/Tilemap/IsometricZAsY/Scripts
  artifactKey: Guid(5fbb8170b82292444802c083b13b4316) Importer(815301076,1909f56bfc062723c751e8b465ee728b)
Start importing Assets/Tilemap/IsometricZAsY/Scripts using Guid(5fbb8170b82292444802c083b13b4316) Importer(815301076,1909f56bfc062723c751e8b465ee728b)  -> (artifact id: '52aaf2c7a9f91698f2fd2d791973224c') in 0.015448 seconds 
========================================================================
Received Import Request.
  Time since last request: 1.863580 seconds.
  path: Assets/Scripts
  artifactKey: Guid(f08eafc023dbcae45a9d726a3aaf0f95) Importer(815301076,1909f56bfc062723c751e8b465ee728b)
Start importing Assets/Scripts using Guid(f08eafc023dbcae45a9d726a3aaf0f95) Importer(815301076,1909f56bfc062723c751e8b465ee728b)  -> (artifact id: '1c064e993688f3b984435ce3442e0e5e') in 0.005522 seconds 
========================================================================
Received Import Request.
  Time since last request: 12.395825 seconds.
  path: Assets/Scripts/BezierCurve.cs
  artifactKey: Guid(e3790d406c17d5749b19b81631cd1ec2) Importer(815301076,1909f56bfc062723c751e8b465ee728b)
Start importing Assets/Scripts/BezierCurve.cs using Guid(e3790d406c17d5749b19b81631cd1ec2) Importer(815301076,1909f56bfc062723c751e8b465ee728b)  -> (artifact id: 'de39bdb65e6323e3f82318603537f0cd') in 0.071268 seconds 
========================================================================
Received Prepare
Registering precompiled user dll's ...
Registered in 0.001880 seconds.
Begin MonoManager ReloadAssembly
Native extension for WindowsStandalone target not found
Refreshing native plugins compatible for Editor in 0.73 ms, found 0 plugins.
Preloading 0 native plugins for Editor in 0.00 ms.
Mono: successfully reloaded assembly
- Completed reload, in  0.922 seconds
Platform modules already initialized, skipping
Refreshing native plugins compatible for Editor in 0.38 ms, found 0 plugins.
Preloading 0 native plugins for Editor in 0.00 ms.
Unloading 1261 Unused Serialized files (Serialized files now loaded: 0)
System memory in use before: 63.3 MB.
System memory in use after: 63.4 MB.

Unloading 4 unused Assets to reduce memory usage. Loaded Objects now: 1734.
Total: 1.672300 ms (FindLiveObjects: 0.086600 ms CreateObjectMapping: 0.020800 ms MarkObjects: 1.553500 ms  DeleteObjects: 0.010500 ms)

========================================================================
Received Import Request.
  Time since last request: 760.458045 seconds.
  path: Assets/Scripts/BezierCurve.cs
  artifactKey: Guid(e3790d406c17d5749b19b81631cd1ec2) Importer(815301076,1909f56bfc062723c751e8b465ee728b)
Start importing Assets/Scripts/BezierCurve.cs using Guid(e3790d406c17d5749b19b81631cd1ec2) Importer(815301076,1909f56bfc062723c751e8b465ee728b)  -> (artifact id: 'e9019a10c991a45ff04602877159122e') in 0.008654 seconds 
========================================================================
Received Prepare
Registering precompiled user dll's ...
Registered in 0.000783 seconds.
Begin MonoManager ReloadAssembly
Native extension for WindowsStandalone target not found
Refreshing native plugins compatible for Editor in 0.57 ms, found 0 plugins.
Preloading 0 native plugins for Editor in 0.00 ms.
Mono: successfully reloaded assembly
- Completed reload, in  0.873 seconds
Platform modules already initialized, skipping
Refreshing native plugins compatible for Editor in 0.31 ms, found 0 plugins.
Preloading 0 native plugins for Editor in 0.00 ms.
Unloading 1261 Unused Serialized files (Serialized files now loaded: 0)
System memory in use before: 63.3 MB.
System memory in use after: 63.4 MB.

Unloading 4 unused Assets to reduce memory usage. Loaded Objects now: 1737.
Total: 2.005100 ms (FindLiveObjects: 0.141000 ms CreateObjectMapping: 0.022000 ms MarkObjects: 1.829500 ms  DeleteObjects: 0.011800 ms)

========================================================================
Received Import Request.
  Time since last request: 95.544007 seconds.
  path: Assets/Scripts/Bullet.cs
  artifactKey: Guid(96e0d8569c6ece24abebb3607c570d00) Importer(815301076,1909f56bfc062723c751e8b465ee728b)
Start importing Assets/Scripts/Bullet.cs using Guid(96e0d8569c6ece24abebb3607c570d00) Importer(815301076,1909f56bfc062723c751e8b465ee728b)  -> (artifact id: 'bce2fa8f024a5826e4f96e4af3d15756') in 0.018725 seconds 
========================================================================
Received Prepare
Registering precompiled user dll's ...
Registered in 0.001343 seconds.
Begin MonoManager ReloadAssembly
Native extension for WindowsStandalone target not found
Refreshing native plugins compatible for Editor in 0.27 ms, found 0 plugins.
Preloading 0 native plugins for Editor in 0.00 ms.
Mono: successfully reloaded assembly
- Completed reload, in  1.005 seconds
Platform modules already initialized, skipping
Refreshing native plugins compatible for Editor in 0.41 ms, found 0 plugins.
Preloading 0 native plugins for Editor in 0.00 ms.
Unloading 1262 Unused Serialized files (Serialized files now loaded: 0)
System memory in use before: 63.4 MB.
System memory in use after: 63.5 MB.

Unloading 4 unused Assets to reduce memory usage. Loaded Objects now: 1741.
Total: 2.718300 ms (FindLiveObjects: 0.123800 ms CreateObjectMapping: 0.044100 ms MarkObjects: 2.534400 ms  DeleteObjects: 0.014000 ms)

========================================================================
Received Import Request.
  Time since last request: 90.306756 seconds.
  path: Assets/Scripts/PlayerShoot.cs
  artifactKey: Guid(dd11afd2fcc84024faa2aacd57bcf854) Importer(815301076,1909f56bfc062723c751e8b465ee728b)
Start importing Assets/Scripts/PlayerShoot.cs using Guid(dd11afd2fcc84024faa2aacd57bcf854) Importer(815301076,1909f56bfc062723c751e8b465ee728b)  -> (artifact id: '7665ad582a2466b4175caa8d586be58d') in 0.017528 seconds 
========================================================================
Received Prepare
Registering precompiled user dll's ...
Registered in 0.001056 seconds.
Begin MonoManager ReloadAssembly
Native extension for WindowsStandalone target not found
Refreshing native plugins compatible for Editor in 0.26 ms, found 0 plugins.
Preloading 0 native plugins for Editor in 0.00 ms.
Mono: successfully reloaded assembly
- Completed reload, in  1.209 seconds
Platform modules already initialized, skipping
Refreshing native plugins compatible for Editor in 0.39 ms, found 0 plugins.
Preloading 0 native plugins for Editor in 0.00 ms.
Unloading 1263 Unused Serialized files (Serialized files now loaded: 0)
System memory in use before: 63.4 MB.
System memory in use after: 63.5 MB.

Unloading 4 unused Assets to reduce memory usage. Loaded Objects now: 1745.
Total: 4.304700 ms (FindLiveObjects: 0.390400 ms CreateObjectMapping: 0.043700 ms MarkObjects: 3.799100 ms  DeleteObjects: 0.070200 ms)

========================================================================
Received Prepare
Registering precompiled user dll's ...
Registered in 0.001159 seconds.
Begin MonoManager ReloadAssembly
Native extension for WindowsStandalone target not found
Refreshing native plugins compatible for Editor in 0.26 ms, found 0 plugins.
Preloading 0 native plugins for Editor in 0.00 ms.
Mono: successfully reloaded assembly
- Completed reload, in  1.262 seconds
Platform modules already initialized, skipping
Refreshing native plugins compatible for Editor in 0.29 ms, found 0 plugins.
Preloading 0 native plugins for Editor in 0.00 ms.
Unloading 1263 Unused Serialized files (Serialized files now loaded: 0)
System memory in use before: 63.4 MB.
System memory in use after: 63.5 MB.

Unloading 4 unused Assets to reduce memory usage. Loaded Objects now: 1748.
Total: 2.489900 ms (FindLiveObjects: 0.097100 ms CreateObjectMapping: 0.025800 ms MarkObjects: 2.352000 ms  DeleteObjects: 0.014000 ms)

========================================================================
Received Prepare
Registering precompiled user dll's ...
Registered in 0.001217 seconds.
Begin MonoManager ReloadAssembly
Native extension for WindowsStandalone target not found
Refreshing native plugins compatible for Editor in 0.32 ms, found 0 plugins.
Preloading 0 native plugins for Editor in 0.00 ms.
Mono: successfully reloaded assembly
- Completed reload, in  1.118 seconds
Platform modules already initialized, skipping
Refreshing native plugins compatible for Editor in 0.35 ms, found 0 plugins.
Preloading 0 native plugins for Editor in 0.00 ms.
Unloading 1263 Unused Serialized files (Serialized files now loaded: 0)
System memory in use before: 63.4 MB.
System memory in use after: 63.5 MB.

Unloading 4 unused Assets to reduce memory usage. Loaded Objects now: 1751.
Total: 3.907600 ms (FindLiveObjects: 0.128600 ms CreateObjectMapping: 0.027300 ms MarkObjects: 3.690900 ms  DeleteObjects: 0.059500 ms)

========================================================================
Received Import Request.
  Time since last request: 88.909078 seconds.
  path: Assets/Scripts/PlayerShoot.cs
  artifactKey: Guid(dd11afd2fcc84024faa2aacd57bcf854) Importer(815301076,1909f56bfc062723c751e8b465ee728b)
Start importing Assets/Scripts/PlayerShoot.cs using Guid(dd11afd2fcc84024faa2aacd57bcf854) Importer(815301076,1909f56bfc062723c751e8b465ee728b)  -> (artifact id: 'a9c01297756cb0cfe2c87850c70a96c9') in 0.009579 seconds 
========================================================================
Received Prepare
Registering precompiled user dll's ...
Registered in 0.001588 seconds.
Begin MonoManager ReloadAssembly
Native extension for WindowsStandalone target not found
Refreshing native plugins compatible for Editor in 0.31 ms, found 0 plugins.
Preloading 0 native plugins for Editor in 0.00 ms.
Mono: successfully reloaded assembly
- Completed reload, in  1.008 seconds
Platform modules already initialized, skipping
Refreshing native plugins compatible for Editor in 0.39 ms, found 0 plugins.
Preloading 0 native plugins for Editor in 0.00 ms.
Unloading 1263 Unused Serialized files (Serialized files now loaded: 0)
System memory in use before: 63.4 MB.
System memory in use after: 63.5 MB.

Unloading 4 unused Assets to reduce memory usage. Loaded Objects now: 1754.
Total: 3.037700 ms (FindLiveObjects: 0.180000 ms CreateObjectMapping: 0.045000 ms MarkObjects: 2.791800 ms  DeleteObjects: 0.019700 ms)

========================================================================
Received Import Request.
  Time since last request: 124.594265 seconds.
  path: Assets/Scripts/Bullet.prefab
  artifactKey: Guid(33204ba288d62544e9961800acbfacaf) Importer(815301076,1909f56bfc062723c751e8b465ee728b)
Start importing Assets/Scripts/Bullet.prefab using Guid(33204ba288d62544e9961800acbfacaf) Importer(815301076,1909f56bfc062723c751e8b465ee728b)  -> (artifact id: '81354d89f26d5ead57212f6d54c0e1f6') in 0.141015 seconds 
========================================================================
Received Prepare
Registering precompiled user dll's ...
Registered in 0.000915 seconds.
Begin MonoManager ReloadAssembly
Native extension for WindowsStandalone target not found
Refreshing native plugins compatible for Editor in 0.22 ms, found 0 plugins.
Preloading 0 native plugins for Editor in 0.00 ms.
Mono: successfully reloaded assembly
- Completed reload, in  0.993 seconds
Platform modules already initialized, skipping
Refreshing native plugins compatible for Editor in 0.34 ms, found 0 plugins.
Preloading 0 native plugins for Editor in 0.00 ms.
Unloading 1263 Unused Serialized files (Serialized files now loaded: 0)
System memory in use before: 67.2 MB.
System memory in use after: 67.3 MB.

Unloading 4 unused Assets to reduce memory usage. Loaded Objects now: 1764.
Total: 1.902000 ms (FindLiveObjects: 0.093700 ms CreateObjectMapping: 0.025100 ms MarkObjects: 1.769400 ms  DeleteObjects: 0.012600 ms)

========================================================================
Received Prepare
Registering precompiled user dll's ...
Registered in 0.001166 seconds.
Begin MonoManager ReloadAssembly
Native extension for WindowsStandalone target not found
Refreshing native plugins compatible for Editor in 0.35 ms, found 0 plugins.
Preloading 0 native plugins for Editor in 0.00 ms.
Mono: successfully reloaded assembly
- Completed reload, in  1.156 seconds
Platform modules already initialized, skipping
Refreshing native plugins compatible for Editor in 0.40 ms, found 0 plugins.
Preloading 0 native plugins for Editor in 0.00 ms.
Unloading 1263 Unused Serialized files (Serialized files now loaded: 0)
System memory in use before: 67.2 MB.
System memory in use after: 67.3 MB.

Unloading 4 unused Assets to reduce memory usage. Loaded Objects now: 1767.
Total: 2.450200 ms (FindLiveObjects: 0.093900 ms CreateObjectMapping: 0.030800 ms MarkObjects: 2.312200 ms  DeleteObjects: 0.012500 ms)

========================================================================
Received Prepare
Registering precompiled user dll's ...
Registered in 0.000727 seconds.
Begin MonoManager ReloadAssembly
Native extension for WindowsStandalone target not found
Refreshing native plugins compatible for Editor in 0.48 ms, found 0 plugins.
Preloading 0 native plugins for Editor in 0.00 ms.
Mono: successfully reloaded assembly
- Completed reload, in  1.123 seconds
Platform modules already initialized, skipping
Refreshing native plugins compatible for Editor in 0.73 ms, found 0 plugins.
Preloading 0 native plugins for Editor in 0.00 ms.
Unloading 1263 Unused Serialized files (Serialized files now loaded: 0)
System memory in use before: 67.2 MB.
System memory in use after: 67.3 MB.

Unloading 4 unused Assets to reduce memory usage. Loaded Objects now: 1770.
Total: 2.005600 ms (FindLiveObjects: 0.120800 ms CreateObjectMapping: 0.026200 ms MarkObjects: 1.843300 ms  DeleteObjects: 0.014100 ms)

========================================================================
Received Prepare
Registering precompiled user dll's ...
Registered in 0.000907 seconds.
Begin MonoManager ReloadAssembly
Native extension for WindowsStandalone target not found
Refreshing native plugins compatible for Editor in 0.72 ms, found 0 plugins.
Preloading 0 native plugins for Editor in 0.00 ms.
Mono: successfully reloaded assembly
- Completed reload, in  0.871 seconds
Platform modules already initialized, skipping
Refreshing native plugins compatible for Editor in 0.93 ms, found 0 plugins.
Preloading 0 native plugins for Editor in 0.00 ms.
Unloading 1263 Unused Serialized files (Serialized files now loaded: 0)
System memory in use before: 67.2 MB.
System memory in use after: 67.3 MB.

Unloading 4 unused Assets to reduce memory usage. Loaded Objects now: 1773.
Total: 2.943700 ms (FindLiveObjects: 0.095900 ms CreateObjectMapping: 0.022400 ms MarkObjects: 2.811500 ms  DeleteObjects: 0.012900 ms)

========================================================================
Received Prepare
Registering precompiled user dll's ...
Registered in 0.001136 seconds.
Begin MonoManager ReloadAssembly
Native extension for WindowsStandalone target not found
Refreshing native plugins compatible for Editor in 0.22 ms, found 0 plugins.
Preloading 0 native plugins for Editor in 0.00 ms.
Mono: successfully reloaded assembly
- Completed reload, in  0.976 seconds
Platform modules already initialized, skipping
Refreshing native plugins compatible for Editor in 0.28 ms, found 0 plugins.
Preloading 0 native plugins for Editor in 0.00 ms.
Unloading 1263 Unused Serialized files (Serialized files now loaded: 0)
System memory in use before: 67.2 MB.
System memory in use after: 67.3 MB.

Unloading 4 unused Assets to reduce memory usage. Loaded Objects now: 1776.
Total: 1.447300 ms (FindLiveObjects: 0.086200 ms CreateObjectMapping: 0.056600 ms MarkObjects: 1.293300 ms  DeleteObjects: 0.010400 ms)

========================================================================
Received Prepare
Registering precompiled user dll's ...
Registered in 0.001495 seconds.
Begin MonoManager ReloadAssembly
Native extension for WindowsStandalone target not found
Refreshing native plugins compatible for Editor in 0.26 ms, found 0 plugins.
Preloading 0 native plugins for Editor in 0.00 ms.
Mono: successfully reloaded assembly
- Completed reload, in  0.957 seconds
Platform modules already initialized, skipping
Refreshing native plugins compatible for Editor in 0.32 ms, found 0 plugins.
Preloading 0 native plugins for Editor in 0.00 ms.
Unloading 1263 Unused Serialized files (Serialized files now loaded: 0)
System memory in use before: 67.2 MB.
System memory in use after: 67.3 MB.

Unloading 4 unused Assets to reduce memory usage. Loaded Objects now: 1779.
Total: 1.907800 ms (FindLiveObjects: 0.092800 ms CreateObjectMapping: 0.025000 ms MarkObjects: 1.777300 ms  DeleteObjects: 0.012000 ms)

========================================================================
Received Prepare
Registering precompiled user dll's ...
Registered in 0.001503 seconds.
Begin MonoManager ReloadAssembly
Native extension for WindowsStandalone target not found
Refreshing native plugins compatible for Editor in 0.34 ms, found 0 plugins.
Preloading 0 native plugins for Editor in 0.00 ms.
Mono: successfully reloaded assembly
- Completed reload, in  1.013 seconds
Platform modules already initialized, skipping
Refreshing native plugins compatible for Editor in 0.33 ms, found 0 plugins.
Preloading 0 native plugins for Editor in 0.00 ms.
Unloading 1263 Unused Serialized files (Serialized files now loaded: 0)
System memory in use before: 67.2 MB.
System memory in use after: 67.3 MB.

Unloading 4 unused Assets to reduce memory usage. Loaded Objects now: 1782.
Total: 2.068500 ms (FindLiveObjects: 0.095000 ms CreateObjectMapping: 0.026100 ms MarkObjects: 1.933300 ms  DeleteObjects: 0.013200 ms)

========================================================================
Received Prepare
Registering precompiled user dll's ...
Registered in 0.001494 seconds.
Begin MonoManager ReloadAssembly
Native extension for WindowsStandalone target not found
Refreshing native plugins compatible for Editor in 0.37 ms, found 0 plugins.
Preloading 0 native plugins for Editor in 0.00 ms.
Mono: successfully reloaded assembly
- Completed reload, in  1.074 seconds
Platform modules already initialized, skipping
Refreshing native plugins compatible for Editor in 0.47 ms, found 0 plugins.
Preloading 0 native plugins for Editor in 0.00 ms.
Unloading 1263 Unused Serialized files (Serialized files now loaded: 0)
System memory in use before: 67.2 MB.
System memory in use after: 67.3 MB.

Unloading 4 unused Assets to reduce memory usage. Loaded Objects now: 1785.
Total: 5.053200 ms (FindLiveObjects: 0.518600 ms CreateObjectMapping: 0.289600 ms MarkObjects: 4.224600 ms  DeleteObjects: 0.019200 ms)

========================================================================
Received Prepare
Registering precompiled user dll's ...
Registered in 0.001593 seconds.
Begin MonoManager ReloadAssembly
Native extension for WindowsStandalone target not found
Refreshing native plugins compatible for Editor in 0.27 ms, found 0 plugins.
Preloading 0 native plugins for Editor in 0.00 ms.
Mono: successfully reloaded assembly
- Completed reload, in  0.875 seconds
Platform modules already initialized, skipping
Refreshing native plugins compatible for Editor in 0.25 ms, found 0 plugins.
Preloading 0 native plugins for Editor in 0.00 ms.
Unloading 1263 Unused Serialized files (Serialized files now loaded: 0)
System memory in use before: 67.3 MB.
System memory in use after: 67.4 MB.

Unloading 4 unused Assets to reduce memory usage. Loaded Objects now: 1788.
Total: 1.618500 ms (FindLiveObjects: 0.117200 ms CreateObjectMapping: 0.025200 ms MarkObjects: 1.460600 ms  DeleteObjects: 0.014700 ms)

========================================================================
Received Import Request.
  Time since last request: 401.394929 seconds.
  path: Assets/Scripts/BezierCurve.cs
  artifactKey: Guid(e3790d406c17d5749b19b81631cd1ec2) Importer(815301076,1909f56bfc062723c751e8b465ee728b)
Start importing Assets/Scripts/BezierCurve.cs using Guid(e3790d406c17d5749b19b81631cd1ec2) Importer(815301076,1909f56bfc062723c751e8b465ee728b)  -> (artifact id: '2a21cb2586b11897adf54c0be254f4f7') in 0.008040 seconds 
========================================================================
Received Prepare
Registering precompiled user dll's ...
Registered in 0.001531 seconds.
Begin MonoManager ReloadAssembly
Native extension for WindowsStandalone target not found
Refreshing native plugins compatible for Editor in 0.42 ms, found 0 plugins.
Preloading 0 native plugins for Editor in 0.00 ms.
Mono: successfully reloaded assembly
- Completed reload, in  0.912 seconds
Platform modules already initialized, skipping
Refreshing native plugins compatible for Editor in 0.40 ms, found 0 plugins.
Preloading 0 native plugins for Editor in 0.00 ms.
Unloading 1262 Unused Serialized files (Serialized files now loaded: 0)
System memory in use before: 67.2 MB.
System memory in use after: 67.3 MB.

Unloading 5 unused Assets to reduce memory usage. Loaded Objects now: 1790.
Total: 2.678500 ms (FindLiveObjects: 0.339600 ms CreateObjectMapping: 0.057900 ms MarkObjects: 2.267800 ms  DeleteObjects: 0.012500 ms)

========================================================================
Received Import Request.
  Time since last request: 29.176002 seconds.
  path: Assets/Scripts/Bezier.cs
  artifactKey: Guid(d3be75affdde1c04b9b7487506e317f9) Importer(815301076,1909f56bfc062723c751e8b465ee728b)
Start importing Assets/Scripts/Bezier.cs using Guid(d3be75affdde1c04b9b7487506e317f9) Importer(815301076,1909f56bfc062723c751e8b465ee728b)  -> (artifact id: '32e47d85a9d20afe0ea463e674526009') in 0.018123 seconds 
========================================================================
Received Prepare
Registering precompiled user dll's ...
Registered in 0.000838 seconds.
Begin MonoManager ReloadAssembly
Native extension for WindowsStandalone target not found
Refreshing native plugins compatible for Editor in 0.30 ms, found 0 plugins.
Preloading 0 native plugins for Editor in 0.00 ms.
Mono: successfully reloaded assembly
- Completed reload, in  1.069 seconds
Platform modules already initialized, skipping
Refreshing native plugins compatible for Editor in 0.36 ms, found 0 plugins.
Preloading 0 native plugins for Editor in 0.00 ms.
Unloading 1263 Unused Serialized files (Serialized files now loaded: 0)
System memory in use before: 67.3 MB.
System memory in use after: 67.4 MB.

Unloading 4 unused Assets to reduce memory usage. Loaded Objects now: 1794.
Total: 2.201100 ms (FindLiveObjects: 0.141700 ms CreateObjectMapping: 0.034100 ms MarkObjects: 2.004400 ms  DeleteObjects: 0.018800 ms)

========================================================================
Received Import Request.
  Time since last request: 32.422794 seconds.
  path: Assets/Scripts/Bezier.cs
  artifactKey: Guid(d3be75affdde1c04b9b7487506e317f9) Importer(815301076,1909f56bfc062723c751e8b465ee728b)
Start importing Assets/Scripts/Bezier.cs using Guid(d3be75affdde1c04b9b7487506e317f9) Importer(815301076,1909f56bfc062723c751e8b465ee728b)  -> (artifact id: '3f601e40ddec25f943e7f59b53a62791') in 0.007093 seconds 
========================================================================
Received Import Request.
  Time since last request: 8.562288 seconds.
  path: Assets/Scripts/Bullet.prefab
  artifactKey: Guid(33204ba288d62544e9961800acbfacaf) Importer(815301076,1909f56bfc062723c751e8b465ee728b)
Start importing Assets/Scripts/Bullet.prefab using Guid(33204ba288d62544e9961800acbfacaf) Importer(815301076,1909f56bfc062723c751e8b465ee728b)  -> (artifact id: '633329167cad96355403f05fbde1fa56') in 0.103077 seconds 
========================================================================
Received Prepare
Registering precompiled user dll's ...
Registered in 0.000867 seconds.
Begin MonoManager ReloadAssembly
Native extension for WindowsStandalone target not found
Refreshing native plugins compatible for Editor in 0.24 ms, found 0 plugins.
Preloading 0 native plugins for Editor in 0.00 ms.
Mono: successfully reloaded assembly
- Completed reload, in  0.995 seconds
Platform modules already initialized, skipping
Refreshing native plugins compatible for Editor in 0.41 ms, found 0 plugins.
Preloading 0 native plugins for Editor in 0.00 ms.
Unloading 1263 Unused Serialized files (Serialized files now loaded: 0)
System memory in use before: 67.3 MB.
System memory in use after: 67.4 MB.

Unloading 4 unused Assets to reduce memory usage. Loaded Objects now: 1798.
Total: 4.488500 ms (FindLiveObjects: 0.095400 ms CreateObjectMapping: 0.023800 ms MarkObjects: 4.281000 ms  DeleteObjects: 0.087200 ms)

========================================================================
Received Prepare
Registering precompiled user dll's ...
Registered in 0.001020 seconds.
Begin MonoManager ReloadAssembly
Native extension for WindowsStandalone target not found
Refreshing native plugins compatible for Editor in 0.25 ms, found 0 plugins.
Preloading 0 native plugins for Editor in 0.00 ms.
Mono: successfully reloaded assembly
- Completed reload, in  1.117 seconds
Platform modules already initialized, skipping
Refreshing native plugins compatible for Editor in 0.35 ms, found 0 plugins.
Preloading 0 native plugins for Editor in 0.00 ms.
Unloading 1263 Unused Serialized files (Serialized files now loaded: 0)
System memory in use before: 67.3 MB.
System memory in use after: 67.4 MB.

Unloading 4 unused Assets to reduce memory usage. Loaded Objects now: 1801.
Total: 2.190400 ms (FindLiveObjects: 0.105600 ms CreateObjectMapping: 0.035200 ms MarkObjects: 2.037300 ms  DeleteObjects: 0.011700 ms)

========================================================================
Received Prepare
Registering precompiled user dll's ...
Registered in 0.001956 seconds.
Begin MonoManager ReloadAssembly
Native extension for WindowsStandalone target not found
Refreshing native plugins compatible for Editor in 0.31 ms, found 0 plugins.
Preloading 0 native plugins for Editor in 0.00 ms.
Mono: successfully reloaded assembly
- Completed reload, in  1.078 seconds
Platform modules already initialized, skipping
Refreshing native plugins compatible for Editor in 0.35 ms, found 0 plugins.
Preloading 0 native plugins for Editor in 0.00 ms.
Unloading 1263 Unused Serialized files (Serialized files now loaded: 0)
System memory in use before: 67.3 MB.
System memory in use after: 67.4 MB.

Unloading 4 unused Assets to reduce memory usage. Loaded Objects now: 1804.
Total: 1.956500 ms (FindLiveObjects: 0.103100 ms CreateObjectMapping: 0.025400 ms MarkObjects: 1.803800 ms  DeleteObjects: 0.023000 ms)

========================================================================
Received Prepare
Registering precompiled user dll's ...
Registered in 0.001462 seconds.
Begin MonoManager ReloadAssembly
Native extension for WindowsStandalone target not found
Refreshing native plugins compatible for Editor in 0.23 ms, found 0 plugins.
Preloading 0 native plugins for Editor in 0.00 ms.
Mono: successfully reloaded assembly
- Completed reload, in  1.046 seconds
Platform modules already initialized, skipping
Refreshing native plugins compatible for Editor in 0.27 ms, found 0 plugins.
Preloading 0 native plugins for Editor in 0.00 ms.
Unloading 1263 Unused Serialized files (Serialized files now loaded: 0)
System memory in use before: 67.3 MB.
System memory in use after: 67.4 MB.

Unloading 4 unused Assets to reduce memory usage. Loaded Objects now: 1807.
Total: 1.813500 ms (FindLiveObjects: 0.101200 ms CreateObjectMapping: 0.024800 ms MarkObjects: 1.673000 ms  DeleteObjects: 0.013100 ms)

========================================================================
Received Prepare
Registering precompiled user dll's ...
Registered in 0.001629 seconds.
Begin MonoManager ReloadAssembly
Native extension for WindowsStandalone target not found
Refreshing native plugins compatible for Editor in 0.68 ms, found 0 plugins.
Preloading 0 native plugins for Editor in 0.00 ms.
Mono: successfully reloaded assembly
- Completed reload, in  1.123 seconds
Platform modules already initialized, skipping
Refreshing native plugins compatible for Editor in 0.34 ms, found 0 plugins.
Preloading 0 native plugins for Editor in 0.00 ms.
Unloading 1263 Unused Serialized files (Serialized files now loaded: 0)
System memory in use before: 67.3 MB.
System memory in use after: 67.4 MB.

Unloading 4 unused Assets to reduce memory usage. Loaded Objects now: 1810.
Total: 1.711100 ms (FindLiveObjects: 0.109500 ms CreateObjectMapping: 0.025000 ms MarkObjects: 1.562800 ms  DeleteObjects: 0.012800 ms)

========================================================================
Received Prepare
Registering precompiled user dll's ...
Registered in 0.002340 seconds.
Begin MonoManager ReloadAssembly
Native extension for WindowsStandalone target not found
Refreshing native plugins compatible for Editor in 0.54 ms, found 0 plugins.
Preloading 0 native plugins for Editor in 0.00 ms.
Mono: successfully reloaded assembly
- Completed reload, in  1.135 seconds
Platform modules already initialized, skipping
Refreshing native plugins compatible for Editor in 0.46 ms, found 0 plugins.
Preloading 0 native plugins for Editor in 0.00 ms.
Unloading 1263 Unused Serialized files (Serialized files now loaded: 0)
System memory in use before: 67.3 MB.
System memory in use after: 67.4 MB.

Unloading 4 unused Assets to reduce memory usage. Loaded Objects now: 1813.
Total: 2.117300 ms (FindLiveObjects: 0.093300 ms CreateObjectMapping: 0.025400 ms MarkObjects: 1.985600 ms  DeleteObjects: 0.012000 ms)

========================================================================
Received Prepare
Registering precompiled user dll's ...
Registered in 0.001558 seconds.
Begin MonoManager ReloadAssembly
Native extension for WindowsStandalone target not found
Refreshing native plugins compatible for Editor in 0.61 ms, found 0 plugins.
Preloading 0 native plugins for Editor in 0.00 ms.
Mono: successfully reloaded assembly
- Completed reload, in  1.183 seconds
Platform modules already initialized, skipping
Refreshing native plugins compatible for Editor in 1.16 ms, found 0 plugins.
Preloading 0 native plugins for Editor in 0.00 ms.
Unloading 1263 Unused Serialized files (Serialized files now loaded: 0)
System memory in use before: 67.3 MB.
System memory in use after: 67.4 MB.

Unloading 4 unused Assets to reduce memory usage. Loaded Objects now: 1816.
Total: 4.286900 ms (FindLiveObjects: 0.167000 ms CreateObjectMapping: 0.040800 ms MarkObjects: 4.004900 ms  DeleteObjects: 0.071900 ms)

========================================================================
Received Prepare
Registering precompiled user dll's ...
Registered in 0.000851 seconds.
Begin MonoManager ReloadAssembly
Native extension for WindowsStandalone target not found
Refreshing native plugins compatible for Editor in 0.29 ms, found 0 plugins.
Preloading 0 native plugins for Editor in 0.00 ms.
Mono: successfully reloaded assembly
- Completed reload, in  1.086 seconds
Platform modules already initialized, skipping
Refreshing native plugins compatible for Editor in 0.35 ms, found 0 plugins.
Preloading 0 native plugins for Editor in 0.00 ms.
Unloading 1263 Unused Serialized files (Serialized files now loaded: 0)
System memory in use before: 67.3 MB.
System memory in use after: 67.4 MB.

Unloading 4 unused Assets to reduce memory usage. Loaded Objects now: 1819.
Total: 2.421100 ms (FindLiveObjects: 0.108800 ms CreateObjectMapping: 0.032300 ms MarkObjects: 2.265900 ms  DeleteObjects: 0.013500 ms)

========================================================================
Received Prepare
Registering precompiled user dll's ...
Registered in 0.003503 seconds.
Begin MonoManager ReloadAssembly
Native extension for WindowsStandalone target not found
Refreshing native plugins compatible for Editor in 0.30 ms, found 0 plugins.
Preloading 0 native plugins for Editor in 0.00 ms.
Mono: successfully reloaded assembly
- Completed reload, in  1.185 seconds
Platform modules already initialized, skipping
Refreshing native plugins compatible for Editor in 0.72 ms, found 0 plugins.
Preloading 0 native plugins for Editor in 0.00 ms.
Unloading 1263 Unused Serialized files (Serialized files now loaded: 0)
System memory in use before: 67.3 MB.
System memory in use after: 67.4 MB.

Unloading 4 unused Assets to reduce memory usage. Loaded Objects now: 1822.
Total: 1.626200 ms (FindLiveObjects: 0.099300 ms CreateObjectMapping: 0.037900 ms MarkObjects: 1.470800 ms  DeleteObjects: 0.016700 ms)

========================================================================
Received Prepare
Registering precompiled user dll's ...
Registered in 0.000970 seconds.
Begin MonoManager ReloadAssembly
Native extension for WindowsStandalone target not found
Refreshing native plugins compatible for Editor in 0.45 ms, found 0 plugins.
Preloading 0 native plugins for Editor in 0.00 ms.
Mono: successfully reloaded assembly
- Completed reload, in  0.942 seconds
Platform modules already initialized, skipping
Refreshing native plugins compatible for Editor in 0.73 ms, found 0 plugins.
Preloading 0 native plugins for Editor in 0.00 ms.
Unloading 1263 Unused Serialized files (Serialized files now loaded: 0)
System memory in use before: 67.3 MB.
System memory in use after: 67.4 MB.

Unloading 4 unused Assets to reduce memory usage. Loaded Objects now: 1825.
Total: 2.056900 ms (FindLiveObjects: 0.116400 ms CreateObjectMapping: 0.048200 ms MarkObjects: 1.877500 ms  DeleteObjects: 0.013900 ms)

========================================================================
Received Prepare
Registering precompiled user dll's ...
Registered in 0.002546 seconds.
Begin MonoManager ReloadAssembly
Native extension for WindowsStandalone target not found
Refreshing native plugins compatible for Editor in 0.61 ms, found 0 plugins.
Preloading 0 native plugins for Editor in 0.00 ms.
Mono: successfully reloaded assembly
- Completed reload, in  2.921 seconds
Platform modules already initialized, skipping
Refreshing native plugins compatible for Editor in 1.01 ms, found 0 plugins.
Preloading 0 native plugins for Editor in 0.00 ms.
Unloading 1263 Unused Serialized files (Serialized files now loaded: 0)
System memory in use before: 67.3 MB.
System memory in use after: 67.4 MB.

Unloading 4 unused Assets to reduce memory usage. Loaded Objects now: 1828.
Total: 5.356600 ms (FindLiveObjects: 0.251400 ms CreateObjectMapping: 0.079400 ms MarkObjects: 4.828700 ms  DeleteObjects: 0.192700 ms)

AssetImportWorkerClient::OnTransportError - code=2 error=End of file
