Using pre-set license
Built from '2021.1/staging' branch; Version is '2021.1.7f1 (d91830b65d9b) revision 14227504'; Using compiler version '192528614'; Build Type 'Release'
OS: 'Windows 10 Pro; OS build 22621.1105; Version 2009; 64bit' Language: 'ko' Physical Memory: 16121 MB
BatchMode: 1, IsHumanControllingUs: 0, StartBugReporterOnCrash: 0, Is64bit: 1, IsPro: 0

 COMMAND LINE ARGUMENTS:
C:\Program Files\Unity\Hub\Editor\2021.1.7f1\Editor\Unity.exe
-adb2
-batchMode
-noUpm
-name
AssetImportWorker0
-projectPath
D:/GitHub/GitHub/isometric-Practice/ISO - Practice
-logFile
Logs/AssetImportWorker0.log
-srvPort
60491
Successfully changed project path to: D:/GitHub/GitHub/isometric-Practice/ISO - Practice
D:/GitHub/GitHub/isometric-Practice/ISO - Practice
Using Asset Import Pipeline V2.
Refreshing native plugins compatible for Editor in 21.60 ms, found 0 plugins.
Preloading 0 native plugins for Editor in 0.00 ms.
Initialize engine version: 2021.1.7f1 (d91830b65d9b)
[Subsystems] Discovering subsystems at path C:/Program Files/Unity/Hub/Editor/2021.1.7f1/Editor/Data/Resources/UnitySubsystems
[Subsystems] Discovering subsystems at path D:/GitHub/GitHub/isometric-Practice/ISO - Practice/Assets
GfxDevice: creating device client; threaded=0; jobified=0
Direct3D:
    Version:  Direct3D 11.0 [level 11.1]
    Renderer: NVIDIA GeForce RTX 3050 Ti Laptop GPU (ID=0x25a0)
    Vendor:   NVIDIA
    VRAM:     3990 MB
    Driver:   27.21.14.6235
Initialize mono
Mono path[0] = 'C:/Program Files/Unity/Hub/Editor/2021.1.7f1/Editor/Data/Managed'
Mono path[1] = 'C:/Program Files/Unity/Hub/Editor/2021.1.7f1/Editor/Data/MonoBleedingEdge/lib/mono/unityjit'
Mono config path = 'C:/Program Files/Unity/Hub/Editor/2021.1.7f1/Editor/Data/MonoBleedingEdge/etc'
Using monoOptions --debugger-agent=transport=dt_socket,embedding=1,server=y,suspend=n,address=127.0.0.1:56632
Begin MonoManager ReloadAssembly
Registering precompiled unity dll's ...
Register platform support module: C:/Program Files/Unity/Hub/Editor/2021.1.7f1/Editor/Data/PlaybackEngines/WindowsStandaloneSupport/UnityEditor.WindowsStandalone.Extensions.dll
Registered in 0.001100 seconds.
Native extension for WindowsStandalone target not found
Refreshing native plugins compatible for Editor in 21.90 ms, found 0 plugins.
Preloading 0 native plugins for Editor in 0.00 ms.
Mono: successfully reloaded assembly
- Completed reload, in  1.660 seconds
Platform modules already initialized, skipping
Registering precompiled user dll's ...
Registered in 0.000510 seconds.
Begin MonoManager ReloadAssembly
Native extension for WindowsStandalone target not found
Refreshing native plugins compatible for Editor in 0.23 ms, found 0 plugins.
Preloading 0 native plugins for Editor in 0.00 ms.
Mono: successfully reloaded assembly
- Completed reload, in  0.604 seconds
Platform modules already initialized, skipping
========================================================================
Worker process is ready to serve import requests
Launched and connected shader compiler UnityShaderCompiler.exe after 0.05 seconds
Refreshing native plugins compatible for Editor in 0.29 ms, found 0 plugins.
Preloading 0 native plugins for Editor in 0.00 ms.
Unloading 1280 Unused Serialized files (Serialized files now loaded: 0)
System memory in use before: 65.1 MB.
System memory in use after: 65.2 MB.

Unloading 13 unused Assets to reduce memory usage. Loaded Objects now: 1743.
Total: 1.452400 ms (FindLiveObjects: 0.097000 ms CreateObjectMapping: 0.021900 ms MarkObjects: 1.248700 ms  DeleteObjects: 0.083900 ms)

========================================================================
Received Import Request.
  path: Assets/Scripts/AI/AIAction.cs
  artifactKey: Guid(916e08561b7bfeb49bb347f65b18e2bc) Importer(815301076,1909f56bfc062723c751e8b465ee728b)
Start importing Assets/Scripts/AI/AIAction.cs using Guid(916e08561b7bfeb49bb347f65b18e2bc) Importer(815301076,1909f56bfc062723c751e8b465ee728b)  -> (artifact id: 'c2d731b40ac1f83f164b15df4594088e') in 0.032812 seconds 
========================================================================
Received Import Request.
  Time since last request: 1.400898 seconds.
  path: Assets/Scripts/AI/AIBrain.cs
  artifactKey: Guid(68313d00a903f734e99777cb7a22b348) Importer(815301076,1909f56bfc062723c751e8b465ee728b)
Start importing Assets/Scripts/AI/AIBrain.cs using Guid(68313d00a903f734e99777cb7a22b348) Importer(815301076,1909f56bfc062723c751e8b465ee728b)  -> (artifact id: 'e9a9ce2ccae2c550697eeb628568b812') in 0.004438 seconds 
========================================================================
Received Import Request.
  Time since last request: 18.166593 seconds.
  path: Assets/Scripts/AI/AIState.cs
  artifactKey: Guid(48e3767e084ed3040b161e04e6f1dbd6) Importer(815301076,1909f56bfc062723c751e8b465ee728b)
Start importing Assets/Scripts/AI/AIState.cs using Guid(48e3767e084ed3040b161e04e6f1dbd6) Importer(815301076,1909f56bfc062723c751e8b465ee728b)  -> (artifact id: '0033bcaedba62180e2d23f9898bf19da') in 0.015878 seconds 
========================================================================
Received Import Request.
  Time since last request: 6.587368 seconds.
  path: Assets/Scripts/AI/AIActionData.cs
  artifactKey: Guid(0962fcf87fc914b4b91f3d10688d9a18) Importer(815301076,1909f56bfc062723c751e8b465ee728b)
Start importing Assets/Scripts/AI/AIActionData.cs using Guid(0962fcf87fc914b4b91f3d10688d9a18) Importer(815301076,1909f56bfc062723c751e8b465ee728b)  -> (artifact id: 'a1ac06e249612af695e8c3d2cb69a189') in 0.004710 seconds 
========================================================================
Received Import Request.
  Time since last request: 2.273694 seconds.
  path: Assets/Scripts/AI/AIMovementData.cs
  artifactKey: Guid(c67c920dba949754194f155fc0c8b0cf) Importer(815301076,1909f56bfc062723c751e8b465ee728b)
Start importing Assets/Scripts/AI/AIMovementData.cs using Guid(c67c920dba949754194f155fc0c8b0cf) Importer(815301076,1909f56bfc062723c751e8b465ee728b)  -> (artifact id: '07a0db96956b1e7bfc8f7bfd2b7813bf') in 0.015223 seconds 
========================================================================
Received Import Request.
  Time since last request: 2.638412 seconds.
  path: Assets/Scripts/AI/AITransition.cs
  artifactKey: Guid(11ce1a99fb2c3274eafc8074a5e01a03) Importer(815301076,1909f56bfc062723c751e8b465ee728b)
Start importing Assets/Scripts/AI/AITransition.cs using Guid(11ce1a99fb2c3274eafc8074a5e01a03) Importer(815301076,1909f56bfc062723c751e8b465ee728b)  -> (artifact id: '7cf085badb293d3412d1e861b9e514d5') in 0.008575 seconds 
========================================================================
Received Import Request.
  Time since last request: 17.828708 seconds.
  path: Assets/Scripts/AI/AIDecision.cs
  artifactKey: Guid(21c21302a5f8123489c0321a64c5aa72) Importer(815301076,1909f56bfc062723c751e8b465ee728b)
Start importing Assets/Scripts/AI/AIDecision.cs using Guid(21c21302a5f8123489c0321a64c5aa72) Importer(815301076,1909f56bfc062723c751e8b465ee728b)  -> (artifact id: '3a0f062cc567186804d893b6c0283e77') in 0.005132 seconds 
========================================================================
Received Import Request.
  Time since last request: 76.683780 seconds.
  path: Assets/Scripts/AI/AIActionData.cs
  artifactKey: Guid(0962fcf87fc914b4b91f3d10688d9a18) Importer(815301076,1909f56bfc062723c751e8b465ee728b)
Start importing Assets/Scripts/AI/AIActionData.cs using Guid(0962fcf87fc914b4b91f3d10688d9a18) Importer(815301076,1909f56bfc062723c751e8b465ee728b)  -> (artifact id: '7ea55c30a76d2b52930816e1a6f0e131') in 0.001678 seconds 
========================================================================
Received Prepare
Registering precompiled user dll's ...
Registered in 0.000632 seconds.
Begin MonoManager ReloadAssembly
Native extension for WindowsStandalone target not found
Refreshing native plugins compatible for Editor in 0.29 ms, found 0 plugins.
Preloading 0 native plugins for Editor in 0.00 ms.
Mono: successfully reloaded assembly
- Completed reload, in  0.581 seconds
Platform modules already initialized, skipping
Refreshing native plugins compatible for Editor in 0.29 ms, found 0 plugins.
Preloading 0 native plugins for Editor in 0.00 ms.
Unloading 1272 Unused Serialized files (Serialized files now loaded: 0)
System memory in use before: 64.7 MB.
System memory in use after: 64.8 MB.

Unloading 4 unused Assets to reduce memory usage. Loaded Objects now: 1746.
Total: 1.396700 ms (FindLiveObjects: 0.090500 ms CreateObjectMapping: 0.021700 ms MarkObjects: 1.270200 ms  DeleteObjects: 0.013800 ms)

